TN:
SF:src\_scheduler-testable.js
FN:7,computeNextBackoff
FNF:1
FNH:1
FNDA:8,computeNextBackoff
DA:1,1
DA:2,1
DA:3,1
DA:4,1
DA:5,1
DA:6,1
DA:7,1
DA:8,8
DA:9,8
DA:10,6
DA:11,6
LF:11
LH:11
BRDA:7,0,0,8
BRDA:9,1,0,2
BRDA:9,2,0,6
BRF:3
BRH:3
end_of_record
TN:
SF:src\index.js
FN:20,get observedAttributes
FN:34,ServiceHealthBadge
FN:49,ServiceHealthBadge._onVis
FN:50,ServiceHealthBadge._onNet
FN:95,connectedCallback
FN:104,_onVis
FN:115,_onNet
FN:133,disconnectedCallback
FN:144,attributeChangedCallback
FN:174,#renderMarkup
FN:196,_startPolling
FN:201,_stopPolling
FN:216,_queueNext
FN:222,_withVisibility
FN:228,_pollOnce
FN:244,get focusable
FN:247,set focusable
FN:254,get endpoint
FN:257,set endpoint
FN:262,get interval
FN:265,set interval
FN:272,get timeout
FN:275,set timeout
FN:282,get labels
FN:285,set labels
FN:292,get variant
FN:295,set variant
FN:301,get showLatency
FN:304,set showLatency
FN:312,get degradedThresholdMs
FN:315,set degradedThresholdMs
FN:323,setState
FN:368,refresh
FN:461,#reflect
FN:470,#reflectRemove
FN:479,#readAttributes
FN:481,num
FN:510,#applyFocusability
FN:515,#applyThreshold
FN:531,#recomputeEffectiveFromInputs
FN:561,#updateTitle
FN:583,#renderVisual
FNF:42
FNH:35
FNDA:22,get observedAttributes
FNDA:42,ServiceHealthBadge
FNDA:0,ServiceHealthBadge._onVis
FNDA:0,ServiceHealthBadge._onNet
FNDA:42,connectedCallback
FNDA:2,_onVis
FNDA:2,_onNet
FNDA:7,disconnectedCallback
FNDA:93,attributeChangedCallback
FNDA:46,#renderMarkup
FNDA:25,_startPolling
FNDA:100,_stopPolling
FNDA:59,_queueNext
FNDA:59,_withVisibility
FNDA:32,_pollOnce
FNDA:1,get focusable
FNDA:0,set focusable
FNDA:19,get endpoint
FNDA:0,set endpoint
FNDA:10,get interval
FNDA:1,set interval
FNDA:7,get timeout
FNDA:1,set timeout
FNDA:4,get labels
FNDA:2,set labels
FNDA:49,get variant
FNDA:1,set variant
FNDA:0,get showLatency
FNDA:1,set showLatency
FNDA:0,get degradedThresholdMs
FNDA:0,set degradedThresholdMs
FNDA:42,setState
FNDA:24,refresh
FNDA:5,#reflect
FNDA:1,#reflectRemove
FNDA:130,#readAttributes
FNDA:260,num
FNDA:44,#applyFocusability
FNDA:46,#applyThreshold
FNDA:4,#recomputeEffectiveFromInputs
FNDA:109,#updateTitle
FNDA:149,#renderVisual
DA:1,1
DA:2,1
DA:3,1
DA:4,1
DA:5,1
DA:7,1
DA:8,1
DA:9,1
DA:10,1
DA:11,1
DA:12,1
DA:13,1
DA:14,1
DA:16,1
DA:17,1
DA:19,1
DA:20,1
DA:21,22
DA:22,22
DA:23,22
DA:24,22
DA:25,22
DA:26,22
DA:27,22
DA:28,22
DA:29,22
DA:30,22
DA:31,22
DA:32,22
DA:34,1
DA:35,42
DA:36,42
DA:37,42
DA:38,42
DA:40,42
DA:41,42
DA:42,42
DA:43,42
DA:44,42
DA:45,42
DA:47,42
DA:48,42
DA:49,42
DA:50,42
DA:52,42
DA:53,42
DA:54,42
DA:56,42
DA:57,42
DA:58,42
DA:60,42
DA:61,42
DA:62,42
DA:63,42
DA:64,42
DA:65,42
DA:66,42
DA:67,42
DA:68,42
DA:69,42
DA:70,42
DA:71,42
DA:72,42
DA:73,42
DA:74,42
DA:75,42
DA:76,42
DA:77,42
DA:78,42
DA:79,42
DA:80,42
DA:81,42
DA:82,42
DA:83,42
DA:84,42
DA:85,42
DA:86,42
DA:87,42
DA:88,42
DA:89,42
DA:90,42
DA:91,42
DA:92,42
DA:93,42
DA:95,1
DA:96,42
DA:97,42
DA:98,42
DA:99,42
DA:100,42
DA:101,42
DA:103,42
DA:104,42
DA:105,2
DA:106,2
DA:107,1
DA:108,1
DA:109,1
DA:110,1
DA:111,1
DA:112,42
DA:113,42
DA:115,42
DA:116,2
DA:117,1
DA:118,1
DA:119,1
DA:120,1
DA:121,1
DA:122,42
DA:123,42
DA:124,42
DA:126,42
DA:127,42
DA:128,1
DA:129,1
DA:130,1
DA:131,42
DA:133,1
DA:134,7
DA:135,0
DA:136,0
DA:137,0
DA:138,7
DA:139,7
DA:140,7
DA:141,7
DA:142,7
DA:144,1
DA:145,93
DA:146,93
DA:147,0
DA:148,0
DA:149,0
DA:150,0
DA:151,0
DA:152,88
DA:153,88
DA:154,93
DA:156,93
DA:157,4
DA:158,4
DA:159,4
DA:160,4
DA:162,93
DA:163,30
DA:164,30
DA:165,30
DA:167,92
DA:168,4
DA:169,4
DA:170,4
DA:171,80
DA:172,93
DA:174,1
DA:175,46
DA:176,46
DA:177,46
DA:179,46
DA:180,46
DA:181,3
DA:182,46
DA:183,1
DA:184,43
DA:185,42
DA:186,42
DA:188,46
DA:189,46
DA:191,46
DA:192,46
DA:193,46
DA:194,46
DA:196,1
DA:197,25
DA:198,25
DA:199,25
DA:201,1
DA:202,100
DA:203,42
DA:204,42
DA:205,42
DA:206,100
DA:207,1
DA:208,1
DA:209,1
DA:210,0
DA:211,0
DA:212,1
DA:213,1
DA:214,100
DA:216,1
DA:217,59
DA:218,59
DA:219,59
DA:220,59
DA:222,1
DA:223,59
DA:224,59
DA:225,59
DA:226,59
DA:228,1
DA:229,32
DA:230,32
DA:232,32
DA:233,1
DA:234,1
DA:235,1
DA:237,29
DA:238,29
DA:239,29
DA:240,32
DA:241,32
DA:242,32
DA:244,1
DA:245,1
DA:246,1
DA:247,1
DA:248,0
DA:249,0
DA:250,0
DA:251,0
DA:252,0
DA:254,1
DA:255,19
DA:256,19
DA:257,1
DA:258,0
DA:259,0
DA:260,0
DA:262,1
DA:263,10
DA:264,10
DA:265,1
DA:266,1
DA:267,1
DA:268,1
DA:269,1
DA:270,1
DA:272,1
DA:273,7
DA:274,7
DA:275,1
DA:276,1
DA:277,1
DA:278,1
DA:279,1
DA:280,1
DA:282,1
DA:283,4
DA:284,4
DA:285,1
DA:286,2
DA:287,2
DA:288,2
DA:289,2
DA:290,2
DA:292,1
DA:293,49
DA:294,49
DA:295,1
DA:296,1
DA:297,1
DA:298,1
DA:299,1
DA:301,1
DA:302,0
DA:303,0
DA:304,1
DA:305,1
DA:306,1
DA:307,1
DA:308,0
DA:309,1
DA:310,1
DA:312,1
DA:313,0
DA:314,0
DA:315,1
DA:316,0
DA:317,0
DA:318,0
DA:319,0
DA:320,0
DA:321,0
DA:323,1
DA:324,42
DA:325,42
DA:326,42
DA:327,42
DA:329,42
DA:330,42
DA:332,42
DA:333,42
DA:334,42
DA:336,42
DA:337,29
DA:338,29
DA:339,29
DA:340,29
DA:341,29
DA:342,29
DA:343,29
DA:344,29
DA:345,42
DA:347,42
DA:348,35
DA:349,8
DA:350,8
DA:351,35
DA:352,27
DA:353,27
DA:354,27
DA:355,10
DA:356,10
DA:357,10
DA:358,10
DA:359,10
DA:360,10
DA:361,27
DA:362,27
DA:363,42
DA:364,7
DA:365,7
DA:366,42
DA:368,1
DA:369,24
DA:370,24
DA:372,24
DA:373,1
DA:374,1
DA:375,1
DA:377,22
DA:378,1
DA:379,1
DA:380,22
DA:381,22
DA:383,22
DA:384,24
DA:385,24
DA:387,24
DA:388,24
DA:389,24
DA:390,24
DA:391,24
DA:392,24
DA:393,24
DA:395,15
DA:396,24
DA:397,24
DA:398,24
DA:400,24
DA:401,2
DA:402,2
DA:403,2
DA:404,2
DA:405,2
DA:406,2
DA:407,2
DA:408,2
DA:409,2
DA:410,2
DA:412,13
DA:413,13
DA:414,13
DA:415,12
DA:416,12
DA:417,12
DA:418,4
DA:419,4
DA:420,4
DA:421,4
DA:422,4
DA:423,4
DA:424,4
DA:425,4
DA:426,4
DA:427,4
DA:428,12
DA:430,24
DA:431,24
DA:432,24
DA:434,24
DA:436,24
DA:437,24
DA:438,24
DA:439,24
DA:440,24
DA:441,24
DA:442,24
DA:443,24
DA:444,7
DA:445,7
DA:446,7
DA:447,7
DA:448,7
DA:449,7
DA:450,7
DA:451,7
DA:452,7
DA:453,7
DA:454,7
DA:455,22
DA:456,22
DA:457,22
DA:458,22
DA:459,24
DA:461,1
DA:462,5
DA:463,5
DA:464,5
DA:465,5
DA:466,5
DA:467,5
DA:468,5
DA:469,5
DA:470,1
DA:471,1
DA:472,1
DA:473,1
DA:474,1
DA:475,1
DA:476,1
DA:477,1
DA:479,1
DA:480,130
DA:481,130
DA:482,260
DA:483,260
DA:484,130
DA:485,130
DA:486,130
DA:488,130
DA:489,130
DA:490,130
DA:491,2
DA:492,2
DA:493,6
DA:494,1
DA:495,1
DA:496,130
DA:498,130
DA:499,130
DA:501,130
DA:502,130
DA:504,130
DA:506,130
DA:507,130
DA:508,130
DA:510,1
DA:511,44
DA:512,43
DA:513,44
DA:515,1
DA:516,46
DA:517,46
DA:518,46
DA:519,46
DA:520,34
DA:521,46
DA:522,46
DA:523,46
DA:524,46
DA:525,0
DA:526,46
DA:527,46
DA:528,15
DA:529,46
DA:531,1
DA:532,4
DA:533,4
DA:534,4
DA:535,1
DA:536,1
DA:537,1
DA:538,1
DA:539,1
DA:540,1
DA:541,1
DA:542,1
DA:543,4
DA:544,4
DA:545,0
DA:546,0
DA:547,0
DA:548,4
DA:549,1
DA:550,1
DA:551,0
DA:552,0
DA:553,0
DA:554,1
DA:555,1
DA:556,3
DA:557,3
DA:558,3
DA:559,4
DA:561,1
DA:562,109
DA:563,109
DA:564,109
DA:565,109
DA:566,109
DA:567,109
DA:568,109
DA:569,109
DA:570,109
DA:571,109
DA:572,109
DA:573,109
DA:574,109
DA:575,109
DA:576,109
DA:577,109
DA:578,6
DA:579,6
DA:580,6
DA:581,109
DA:583,1
DA:584,149
DA:585,149
DA:586,107
DA:587,107
DA:588,107
DA:589,107
DA:590,107
DA:591,107
DA:592,107
DA:593,102
DA:594,107
DA:595,107
DA:596,149
DA:597,1
DA:599,1
DA:600,1
LF:534
LH:498
BRDA:20,0,0,22
BRDA:34,1,0,42
BRDA:95,2,0,42
BRDA:126,3,0,0
BRDA:127,4,0,1
BRDA:104,5,0,2
BRDA:105,6,0,0
BRDA:106,7,0,1
BRDA:115,8,0,2
BRDA:116,9,0,1
BRDA:133,10,0,7
BRDA:134,11,0,0
BRDA:144,12,0,93
BRDA:145,13,0,88
BRDA:145,14,0,90
BRDA:145,15,0,5
BRDA:145,16,0,88
BRDA:146,17,0,0
BRDA:151,18,0,88
BRDA:154,19,0,2
BRDA:154,20,0,90
BRDA:154,21,0,88
BRDA:156,22,0,49
BRDA:156,23,0,4
BRDA:160,24,0,84
BRDA:162,25,0,65
BRDA:162,26,0,58
BRDA:162,27,0,30
BRDA:164,28,0,23
BRDA:165,29,0,92
BRDA:165,30,0,84
BRDA:167,31,0,4
BRDA:170,32,0,80
BRDA:174,33,0,46
BRDA:175,34,0,0
BRDA:176,35,0,0
BRDA:180,36,0,3
BRDA:181,37,0,0
BRDA:182,38,0,43
BRDA:182,39,0,1
BRDA:183,40,0,0
BRDA:184,41,0,42
BRDA:185,42,0,0
BRDA:189,43,0,0
BRDA:196,44,0,25
BRDA:198,45,0,0
BRDA:201,46,0,100
BRDA:202,47,0,42
BRDA:206,48,0,1
BRDA:209,49,0,0
BRDA:216,50,0,59
BRDA:219,51,0,32
BRDA:222,52,0,59
BRDA:223,53,0,0
BRDA:224,54,0,57
BRDA:224,55,0,2
BRDA:228,56,0,32
BRDA:230,57,0,2
BRDA:230,58,0,30
BRDA:232,59,0,30
BRDA:232,60,0,1
BRDA:235,61,0,29
BRDA:237,62,0,0
BRDA:240,63,0,16
BRDA:240,64,0,13
BRDA:244,65,0,1
BRDA:254,66,0,19
BRDA:262,67,0,10
BRDA:265,68,0,1
BRDA:266,69,0,0
BRDA:266,70,0,0
BRDA:272,71,0,7
BRDA:275,72,0,1
BRDA:276,73,0,0
BRDA:282,74,0,4
BRDA:285,75,0,2
BRDA:286,76,0,0
BRDA:292,77,0,49
BRDA:295,78,0,1
BRDA:296,79,0,0
BRDA:304,80,0,1
BRDA:307,81,0,0
BRDA:323,82,0,42
BRDA:324,83,0,0
BRDA:326,84,0,0
BRDA:333,85,0,25
BRDA:334,86,0,17
BRDA:336,87,0,29
BRDA:347,88,0,35
BRDA:348,89,0,12
BRDA:348,90,0,29
BRDA:348,91,0,8
BRDA:350,92,0,27
BRDA:351,93,0,4
BRDA:351,94,0,27
BRDA:363,95,0,7
BRDA:354,96,0,10
BRDA:357,97,0,0
BRDA:368,98,0,24
BRDA:370,99,0,23
BRDA:370,100,0,1
BRDA:372,101,0,1
BRDA:375,102,0,22
BRDA:377,103,0,1
BRDA:384,104,0,22
BRDA:384,105,0,0
BRDA:393,106,0,15
BRDA:396,107,0,15
BRDA:396,108,0,0
BRDA:400,109,0,20
BRDA:400,110,0,2
BRDA:410,111,0,13
BRDA:414,112,0,12
BRDA:417,113,0,4
BRDA:428,114,0,9
BRDA:430,115,0,6
BRDA:431,116,0,6
BRDA:432,117,0,3
BRDA:436,118,0,9
BRDA:436,119,0,8
BRDA:436,120,0,1
BRDA:438,121,0,4
BRDA:438,122,0,4
BRDA:439,123,0,7
BRDA:440,124,0,2
BRDA:442,125,0,4
BRDA:443,126,0,22
BRDA:443,127,0,10
BRDA:443,128,0,7
BRDA:449,129,0,2
BRDA:449,130,0,5
BRDA:455,131,0,0
BRDA:457,132,0,21
BRDA:385,133,0,2
BRDA:461,134,0,5
BRDA:464,135,0,0
BRDA:465,136,0,4
BRDA:470,137,0,1
BRDA:479,138,0,130
BRDA:498,139,0,0
BRDA:499,140,0,127
BRDA:499,141,0,4
BRDA:499,142,0,126
BRDA:502,143,0,129
BRDA:502,144,0,1
BRDA:506,145,0,126
BRDA:507,146,0,4
BRDA:507,147,0,4
BRDA:507,148,0,126
BRDA:481,149,0,260
BRDA:482,150,0,244
BRDA:483,151,0,14
BRDA:483,152,0,13
BRDA:483,153,0,247
BRDA:489,154,0,130
BRDA:490,155,0,128
BRDA:490,156,0,6
BRDA:490,157,0,2
BRDA:493,158,0,1
BRDA:510,159,0,44
BRDA:511,160,0,1
BRDA:511,161,0,43
BRDA:515,162,0,46
BRDA:519,163,0,35
BRDA:519,164,0,45
BRDA:519,165,0,16
BRDA:519,166,0,34
BRDA:519,167,0,30
BRDA:520,168,0,32
BRDA:520,169,0,30
BRDA:520,170,0,10
BRDA:520,171,0,20
BRDA:521,172,0,15
BRDA:523,173,0,20
BRDA:524,174,0,0
BRDA:527,175,0,5
BRDA:527,176,0,5
BRDA:527,177,0,5
BRDA:527,178,0,30
BRDA:527,179,0,5
BRDA:527,180,0,15
BRDA:531,181,0,4
BRDA:533,182,0,3
BRDA:534,183,0,1
BRDA:544,184,0,0
BRDA:548,185,0,3
BRDA:548,186,0,1
BRDA:561,187,0,109
BRDA:563,188,0,0
BRDA:565,189,0,0
BRDA:569,190,0,47
BRDA:571,191,0,10
BRDA:572,192,0,92
BRDA:574,193,0,3
BRDA:577,194,0,6
BRDA:579,195,0,0
BRDA:583,196,0,149
BRDA:585,197,0,145
BRDA:585,198,0,42
BRDA:585,199,0,107
BRDA:588,200,0,107
BRDA:590,201,0,103
BRDA:590,202,0,0
BRDA:592,203,0,102
BRDA:593,204,0,98
BRDA:593,205,0,40
BRDA:593,206,0,62
BRF:207
BRH:173
end_of_record
